{"/Users/cnanda/git/sn-sdk-mock/example/sdk-mock-script-include/src/includes/sys_script_include/IncidentHelper.server.js": {"path":"/Users/cnanda/git/sn-sdk-mock/example/sdk-mock-script-include/src/includes/sys_script_include/IncidentHelper.server.js","all":false,"statementMap":{"0":{"start":{"line":1,"column":0},"end":{"line":1,"column":36}},"1":{"start":{"line":2,"column":0},"end":{"line":2,"column":28}},"2":{"start":{"line":3,"column":0},"end":{"line":3,"column":32}},"3":{"start":{"line":4,"column":0},"end":{"line":4,"column":0}},"4":{"start":{"line":5,"column":0},"end":{"line":5,"column":10}},"5":{"start":{"line":6,"column":0},"end":{"line":6,"column":0}},"6":{"start":{"line":7,"column":0},"end":{"line":7,"column":48}},"7":{"start":{"line":8,"column":0},"end":{"line":8,"column":55}},"8":{"start":{"line":9,"column":0},"end":{"line":9,"column":72}},"9":{"start":{"line":10,"column":0},"end":{"line":10,"column":60}},"10":{"start":{"line":11,"column":0},"end":{"line":11,"column":56}},"11":{"start":{"line":12,"column":0},"end":{"line":12,"column":54}},"12":{"start":{"line":13,"column":0},"end":{"line":13,"column":60}},"13":{"start":{"line":14,"column":0},"end":{"line":14,"column":54}},"14":{"start":{"line":15,"column":0},"end":{"line":15,"column":37}},"15":{"start":{"line":16,"column":0},"end":{"line":16,"column":10}},"16":{"start":{"line":17,"column":0},"end":{"line":17,"column":5}},"17":{"start":{"line":18,"column":0},"end":{"line":18,"column":30}},"18":{"start":{"line":19,"column":0},"end":{"line":19,"column":2}},"19":{"start":{"line":20,"column":0},"end":{"line":20,"column":0}},"20":{"start":{"line":21,"column":0},"end":{"line":21,"column":52}},"21":{"start":{"line":22,"column":0},"end":{"line":22,"column":36}},"22":{"start":{"line":23,"column":0},"end":{"line":23,"column":1}}},"s":{"0":1,"1":1,"2":1,"3":1,"4":1,"5":1,"6":1,"7":1,"8":1,"9":1,"10":1,"11":1,"12":1,"13":1,"14":1,"15":1,"16":1,"17":1,"18":1,"19":1,"20":1,"21":1,"22":1},"branchMap":{"0":{"type":"branch","line":1,"loc":{"start":{"line":1,"column":0},"end":{"line":23,"column":1}},"locations":[{"start":{"line":1,"column":0},"end":{"line":23,"column":1}}]},"1":{"type":"branch","line":1,"loc":{"start":{"line":1,"column":0},"end":{"line":23,"column":1}},"locations":[{"start":{"line":1,"column":0},"end":{"line":23,"column":1}}]},"2":{"type":"branch","line":3,"loc":{"start":{"line":3,"column":20},"end":{"line":5,"column":9}},"locations":[{"start":{"line":3,"column":20},"end":{"line":5,"column":9}}]},"3":{"type":"branch","line":7,"loc":{"start":{"line":7,"column":24},"end":{"line":16,"column":9}},"locations":[{"start":{"line":7,"column":24},"end":{"line":16,"column":9}}]}},"b":{"0":[1],"1":[1],"2":[1],"3":[1]},"fnMap":{"0":{"name":"Object.<anonymous>","decl":{"start":{"line":1,"column":0},"end":{"line":23,"column":1}},"loc":{"start":{"line":1,"column":0},"end":{"line":23,"column":1}},"line":1},"1":{"name":"initialize","decl":{"start":{"line":3,"column":20},"end":{"line":5,"column":9}},"loc":{"start":{"line":3,"column":20},"end":{"line":5,"column":9}},"line":3},"2":{"name":"createIncident","decl":{"start":{"line":7,"column":24},"end":{"line":16,"column":9}},"loc":{"start":{"line":7,"column":24},"end":{"line":16,"column":9}},"line":7}},"f":{"0":1,"1":1,"2":1}}
}
